pl1529
*   c46716d (d2) m3
|\
| *   6a079a5 (u1) u3
| |\
| * | 7088727 u2
* | |   72d769e d3
|\ \ \
| | |/
| |/|
| * |   0129720 (d1) m2
| |\ \
| | |/
| | * 6efe05c u1
* | | 6477e72 d2
|/ /
* | 7636a09 d1
|/
* 2664de6 (HEAD -> master) m1

xz601
*   72a84ff branch_4
|\  
| *   510a2fc branch_3.1
| |\  
| * | 6f3e38b branch_2.1
* | |   e8816eb branch_3.2
|\ \ \  
| |_|/  
|/| |   
| * | e904463 branch_2.3
* | |   be126d9 branch_2.2
|\ \ \  
| |/ /  
| | /   
| |/    
|/|     
| * 0a33d6f branch_1.2
* | b14aba9 branch_1.1
|/  
* c3b0e6b master branch
 
