buj201
*   131142f Final commit to complete task1 graph
|\  
| *   01fd114 Merged Branch4 and Branch3
| |\  
| | * dcf9d0d 5th commit (first on Branch3)
* | |   f562509 Merged Branch5 and Branch2'
|\ \ \  
| |/ /  
|/| |   
| * | 26cf7f4 4th commit (first on Branch2)
* | |   9e57bf7 Merged master and Branch1 after resolving conflict
|\ \ \  
| |/ /  
|/| /   
| |/    
| * fb445ab 2nd commit (first on Branch1)
* | f45b719 3rd commit (second on master)
|/  
* 330a754 Initial commit

xz601
*   72a84ff branch_4
|\  
| *   510a2fc branch_3.1
| |\  
| * | 6f3e38b branch_2.1
* | |   e8816eb branch_3.2
|\ \ \  
| |_|/  
|/| |   
| * | e904463 branch_2.3
* | |   be126d9 branch_2.2
|\ \ \  
| |/ /  
| | /   
| |/    
|/|     
| * 0a33d6f branch_1.2
* | b14aba9 branch_1.1
|/  
* c3b0e6b master branch